app/build/outputs/apk/manifest-merger-debug-report.txt
-- Merging decision tree log ---
manifest
ADDED from AndroidManifest.xml:2:1
	xmlns:android
		ADDED from AndroidManifest.xml:2:11
	package
		ADDED from AndroidManifest.xml:3:2
		INJECTED from AndroidManifest.xml:0:0
		INJECTED from AndroidManifest.xml:0:0
	android:versionName
		ADDED from AndroidManifest.xml:3:33
	android:versionCode
		ADDED from AndroidManifest.xml:3:61
		INJECTED from AndroidManifest.xml:0:0
		INJECTED from AndroidManifest.xml:0:0
application
ADDED from AndroidManifest.xml:4:2
	android:label
		ADDED from AndroidManifest.xml:4:45
	android:icon
		ADDED from AndroidManifest.xml:4:15
activity#com.retrogaming.pong.MainActivity
ADDED from AndroidManifest.xml:5:3
	android:screenOrientation
		ADDED from AndroidManifest.xml:6:4
	android:label
		ADDED from AndroidManifest.xml:5:42
	android:name
		ADDED from AndroidManifest.xml:5:13
intent-filter#android.intent.action.MAIN+android.intent.category.LAUNCHER
ADDED from AndroidManifest.xml:7:4
action#android.intent.action.MAIN
ADDED from AndroidManifest.xml:8:5
	android:name
		ADDED from AndroidManifest.xml:8:13
category#android.intent.category.LAUNCHER
ADDED from AndroidManifest.xml:9:5
	android:name
		ADDED from AndroidManifest.xml:9:15
activity#com.retrogaming.pong.PongPreferencesActivity
ADDED from AndroidManifest.xml:12:3
	android:name
		ADDED from AndroidManifest.xml:12:13
activity#com.retrogaming.pong.Pong
ADDED from AndroidManifest.xml:13:9
	android:name
		ADDED from AndroidManifest.xml:13:19
activity#com.retrogaming.pong.GameActivity
ADDED from AndroidManifest.xml:14:3
	android:name
		ADDED from AndroidManifest.xml:14:13
uses-sdk
ADDED from AndroidManifest.xml:16:2
	android:minSdkVersion
		ADDED from AndroidManifest.xml:16:12
uses-permission#android.permission.WAKE_LOCK
ADDED from AndroidManifest.xml:17:2
	android:name
		ADDED from AndroidManifest.xml:17:19